{
  "RSpec": {
    "coverage": {
      "/Users/tronkat/Turing/BackEnd/my_app/spec/spec_helper.rb": [
        null,
        null,
        null,
        null,
        null,
        null,
        null,
        null,
        null,
        null,
        null,
        null,
        null,
        null,
        null,
        1,
        null,
        null,
        null,
        1,
        null,
        null,
        null,
        null,
        null,
        null,
        null,
        1,
        null,
        null,
        null,
        null,
        1,
        null,
        null,
        null,
        1,
        null,
        null,
        null,
        null,
        null,
        null,
        null,
        1,
        null,
        null,
        null,
        null,
        null,
        null,
        null,
        null,
        null,
        null,
        null,
        null,
        null,
        null,
        null,
        null,
        null,
        null,
        null,
        null,
        null,
        null,
        null,
        null,
        null,
        null,
        null,
        null,
        null,
        null,
        null,
        null,
        null,
        null,
        null,
        null,
        null,
        null,
        null,
        null,
        null,
        null,
        null,
        null,
        null
      ],
      "/Users/tronkat/Turing/BackEnd/my_app/config/environment.rb": [
        null,
        1,
        null,
        null,
        1
      ],
      "/Users/tronkat/Turing/BackEnd/my_app/config/application.rb": [
        1,
        null,
        1,
        null,
        null,
        null,
        1,
        null,
        1,
        1,
        null,
        1,
        null,
        null,
        null,
        null,
        null,
        null
      ],
      "/Users/tronkat/Turing/BackEnd/my_app/config/boot.rb": [
        1,
        null,
        1
      ],
      "/Users/tronkat/Turing/BackEnd/my_app/config/environments/test.rb": [
        1,
        null,
        null,
        null,
        null,
        null,
        null,
        1,
        null,
        null,
        null,
        null,
        1,
        null,
        null,
        1,
        1,
        null,
        null,
        null,
        null,
        1,
        1,
        null,
        null,
        1,
        null,
        null,
        1,
        1,
        null,
        null,
        null,
        null,
        1,
        null,
        null,
        1,
        null,
        null,
        null,
        null
      ],
      "/Users/tronkat/Turing/BackEnd/my_app/config/initializers/application_controller_renderer.rb": [
        null,
        null,
        null,
        null,
        null,
        null,
        null,
        null
      ],
      "/Users/tronkat/Turing/BackEnd/my_app/config/initializers/assets.rb": [
        null,
        null,
        null,
        1,
        null,
        null,
        null,
        null,
        1,
        null,
        null,
        null,
        null,
        null
      ],
      "/Users/tronkat/Turing/BackEnd/my_app/config/initializers/backtrace_silencers.rb": [
        null,
        null,
        null,
        null,
        null,
        null,
        null
      ],
      "/Users/tronkat/Turing/BackEnd/my_app/config/initializers/cookies_serializer.rb": [
        null,
        null,
        null,
        null,
        1
      ],
      "/Users/tronkat/Turing/BackEnd/my_app/config/initializers/filter_parameter_logging.rb": [
        null,
        null,
        null,
        1
      ],
      "/Users/tronkat/Turing/BackEnd/my_app/config/initializers/inflections.rb": [
        null,
        null,
        null,
        null,
        null,
        null,
        null,
        null,
        null,
        null,
        null,
        null,
        null,
        null,
        null,
        null
      ],
      "/Users/tronkat/Turing/BackEnd/my_app/config/initializers/mime_types.rb": [
        null,
        null,
        null,
        null
      ],
      "/Users/tronkat/Turing/BackEnd/my_app/config/initializers/wrap_parameters.rb": [
        null,
        null,
        null,
        null,
        null,
        null,
        1,
        2,
        null,
        null,
        null,
        null,
        null,
        null
      ],
      "/Users/tronkat/Turing/BackEnd/my_app/config/routes.rb": [
        1,
        null,
        1,
        null,
        1,
        1,
        null
      ],
      "/Users/tronkat/Turing/BackEnd/my_app/app/helpers/application_helper.rb": [
        1,
        null
      ],
      "/Users/tronkat/Turing/BackEnd/my_app/spec/features/welcome/index_spec.rb": [
        1,
        null,
        1,
        1,
        1,
        1,
        null,
        null
      ],
      "/Users/tronkat/Turing/BackEnd/my_app/spec/models/user_spec.rb": [
        1,
        null,
        1,
        1,
        2,
        2,
        2,
        2,
        2,
        2,
        null,
        null
      ],
      "/Users/tronkat/Turing/BackEnd/my_app/app/models/user.rb": [
        1,
        1,
        1,
        1,
        1,
        null
      ],
      "/Users/tronkat/Turing/BackEnd/my_app/app/models/application_record.rb": [
        1,
        1,
        null
      ],
      "/Users/tronkat/Turing/BackEnd/my_app/app/controllers/welcome_controller.rb": [
        1,
        1,
        null,
        null,
        null
      ],
      "/Users/tronkat/Turing/BackEnd/my_app/app/controllers/application_controller.rb": [
        1,
        1,
        null
      ],
      "/Users/tronkat/Turing/BackEnd/my_app/app/controllers/users_controller.rb": [
        1,
        1,
        null,
        null,
        1,
        1,
        1,
        1,
        1,
        null,
        0,
        0,
        null,
        null,
        null,
        1,
        null,
        1,
        1,
        null,
        null
      ]
    },
    "timestamp": 1577054316
  }
}
